
=======================================
           Academic License
       (NOT FOR COMMERCIAL USE)
         Artelys Knitro 15.0.0
=======================================

Knitro using 1 thread.
Knitro presolve eliminated 0 variables and 36 constraints.
Knitro presolve detected 36 implied complementarity constraints.

bar_initmu               0.1
bar_murule               4
concurrent_evals         0
datacheck                0
feastol                  1e-06
feastol_abs              0.001
findiff_numthreads       1
hessian_no_f             1
hessopt                  4
honorbnds                1
linsolver                3
maxit                    20000
maxtime_real             180
nlp_algorithm            3
numthreads               1
opttol                   1e-06
opttol_abs               0.001
outlev                   3
outmode                  1
xtol                     1e-10
The problem is linearly constrained.
The problem is identified as an MPEC.

Problem Characteristics                                 (   Presolved)
-----------------------
Objective goal:  Minimize
Objective type:  quadratic
Number of variables:                                 87 (          87)
    bounded below only:                              72 (          72)
    bounded above only:                               0 (           0)
    bounded below and above:                          0 (           0)
    fixed:                                            0 (           0)
    free:                                            15 (          15)
Number of constraints:                               84 (          48)
    linear equalities:                               48 (          48)
    quadratic equalities:                            36 (           0)
    gen. nonlinear equalities:                        0 (           0)
    linear one-sided inequalities:                    0 (           0)
    quadratic one-sided inequalities:                 0 (           0)
    gen. nonlinear one-sided inequalities:            0 (           0)
    linear two-sided inequalities:                    0 (           0)
    quadratic two-sided inequalities:                 0 (           0)
    gen. nonlinear two-sided inequalities:            0 (           0)
Number of complementarities:                          0 (          36)
Number of nonzeros in Jacobian:                     324 (         252)
Number of nonzeros in Hessian:                        0 (           0)

Knitro using the Active-Set Conjugate Gradient algorithm.

  Iter      Objective      FeasError   OptError    ||Step||    CGits 
--------  --------------  ----------  ----------  ----------  -------
       0   -1.876413e-01   1.042e-04
       1   -1.869958e+00   1.584e-04   3.333e+01   2.828e+00        0
       2   -1.316193e+00   3.778e-05   6.779e-02   1.924e+00        0
       3   -1.100396e+00   8.908e-06   5.285e+02   9.090e-01        0
       4   -1.029247e+00   1.939e-06   2.815e+03   2.038e-01        0
       5   -1.022580e+00   3.794e-07   4.436e+02   1.315e-01        0
       6   -1.028556e+00   9.450e-08   7.025e+02   1.918e-01        1
       7   -1.032569e+00   5.710e-08   5.452e-02   4.888e-02        4
       8   -1.036386e+00   4.456e-09   3.567e+02   4.888e-02        1
       9   -1.044375e+00   2.220e-16   1.396e+03   8.005e-02        1
      10   -1.068883e+00   2.220e-16   2.286e+03   1.823e-01        1
      11   -1.086809e+00   2.220e-16   4.712e-02   7.349e-02        5
      12   -1.103829e+00   2.220e-16   1.121e-01   9.390e-02        1
      13   -1.108437e+00   1.004e-17   4.559e+02   2.917e-02        0
      14   -1.148207e+00   2.220e-16   3.311e+02   2.802e-01        1
      15   -1.150341e+00   1.544e-09   5.408e-02   1.305e-02        6
      16   -1.152249e+00   7.630e-18   5.460e+02   1.305e-02        1
      17   -1.166811e+00   4.993e-17   3.751e-02   9.132e-02        1
      18   -1.204316e+00   2.220e-16   3.786e+02   2.353e-01        1
      19   -1.290539e+00   2.220e-16   9.360e+02   8.887e-01        1
      20   -1.291554e+00   5.146e-10   1.659e-01   3.613e-03       10
      21   -1.293445e+00   3.788e-12   1.940e-01   7.018e-03        1
      22   -1.303068e+00   1.735e-17   1.940e-01   3.483e-02        1
      23   -1.355703e+00   9.714e-17   1.031e-01   1.905e-01        1
      24   -1.465255e+00   1.527e-16   4.391e-02   4.711e-01        1
      25   -1.501832e+00   3.417e-16   7.328e-03   1.000e+00        1
      26   -1.509159e+00   1.110e-16   3.367e-13   2.003e-01        0

EXIT: Locally optimal solution found.

Final Statistics
----------------
Final objective value               =  -1.50915924332094e+00
Final feasibility error (abs / rel) =   1.11e-16 / 1.11e-16
Final optimality error  (abs / rel) =   3.37e-13 / 3.37e-13
# of iterations                     =         26 
# of CG iterations                  =         40 
# of function evaluations           =          0
# of gradient evaluations           =          0
Total program time (secs)           =       0.12001 (     0.049 CPU time)
Time spent in evaluations (secs)    =       0.00000

===============================================================================

